[2015-09-21 02:55:06] lumen.ERROR: exception 'ErrorException' with message 'file_put_contents(/9483c78dff67274be2b1d463ed7256d9): failed to open stream: Permission denied' in /home/vagrant/projects/cincytech/vendor/illuminate/filesystem/Filesystem.php:81
Stack trace:
#0 [internal function]: Laravel\Lumen\Application->Laravel\Lumen\{closure}(2, 'file_put_conten...', '/home/vagrant/p...', 81, Array)
#1 /home/vagrant/projects/cincytech/vendor/illuminate/filesystem/Filesystem.php(81): file_put_contents('/9483c78dff6727...', '<?php $__env->s...', 0)
#2 /home/vagrant/projects/cincytech/vendor/illuminate/view/Compilers/BladeCompiler.php(102): Illuminate\Filesystem\Filesystem->put('/9483c78dff6727...', '<?php $__env->s...')
#3 /home/vagrant/projects/cincytech/vendor/illuminate/view/Engines/CompilerEngine.php(50): Illuminate\View\Compilers\BladeCompiler->compile('/home/vagrant/p...')
#4 /home/vagrant/projects/cincytech/vendor/illuminate/view/View.php(138): Illuminate\View\Engines\CompilerEngine->get('/home/vagrant/p...', Array)
#5 /home/vagrant/projects/cincytech/vendor/illuminate/view/View.php(107): Illuminate\View\View->getContents()
#6 /home/vagrant/projects/cincytech/vendor/illuminate/view/View.php(81): Illuminate\View\View->renderContents()
#7 /home/vagrant/projects/cincytech/vendor/illuminate/http/Response.php(51): Illuminate\View\View->render()
#8 /home/vagrant/projects/cincytech/vendor/symfony/http-foundation/Response.php(202): Illuminate\Http\Response->setContent(Object(Illuminate\View\View))
#9 /home/vagrant/projects/cincytech/vendor/laravel/lumen-framework/src/Application.php(1426): Symfony\Component\HttpFoundation\Response->__construct(Object(Illuminate\View\View))
#10 /home/vagrant/projects/cincytech/vendor/laravel/lumen-framework/src/Application.php(1372): Laravel\Lumen\Application->prepareResponse(Object(Illuminate\View\View))
#11 /home/vagrant/projects/cincytech/vendor/laravel/lumen-framework/src/Application.php(1336): Laravel\Lumen\Application->callControllerCallable(Array, Array)
#12 /home/vagrant/projects/cincytech/vendor/laravel/lumen-framework/src/Application.php(1307): Laravel\Lumen\Application->callLumenController(Object(App\Http\Controllers\HomeController), 'index', Array)
#13 /home/vagrant/projects/cincytech/vendor/laravel/lumen-framework/src/Application.php(1275): Laravel\Lumen\Application->callControllerAction(Array)
#14 /home/vagrant/projects/cincytech/vendor/laravel/lumen-framework/src/Application.php(1260): Laravel\Lumen\Application->callActionOnArrayBasedRoute(Array)
#15 /home/vagrant/projects/cincytech/vendor/laravel/lumen-framework/src/Application.php(1179): Laravel\Lumen\Application->handleFoundRoute(Array)
#16 [internal function]: Laravel\Lumen\Application->Laravel\Lumen\{closure}(Object(Illuminate\Http\Request))
#17 /home/vagrant/projects/cincytech/vendor/illuminate/pipeline/Pipeline.php(139): call_user_func(Object(Closure), Object(Illuminate\Http\Request))
#18 /home/vagrant/projects/cincytech/vendor/laravel/lumen-framework/src/Http/Middleware/VerifyCsrfToken.php(43): Illuminate\Pipeline\Pipeline->Illuminate\Pipeline\{closure}(Object(Illuminate\Http\Request))
#19 [internal function]: Laravel\Lumen\Http\Middleware\VerifyCsrfToken->handle(Object(Illuminate\Http\Request), Object(Closure))
#20 /home/vagrant/projects/cincytech/vendor/illuminate/pipeline/Pipeline.php(124): call_user_func_array(Array, Array)
#21 /home/vagrant/projects/cincytech/vendor/illuminate/view/Middleware/ShareErrorsFromSession.php(54): Illuminate\Pipeline\Pipeline->Illuminate\Pipeline\{closure}(Object(Illuminate\Http\Request))
#22 [internal function]: Illuminate\View\Middleware\ShareErrorsFromSession->handle(Object(Illuminate\Http\Request), Object(Closure))
#23 /home/vagrant/projects/cincytech/vendor/illuminate/pipeline/Pipeline.php(124): call_user_func_array(Array, Array)
#24 /home/vagrant/projects/cincytech/vendor/illuminate/session/Middleware/StartSession.php(62): Illuminate\Pipeline\Pipeline->Illuminate\Pipeline\{closure}(Object(Illuminate\Http\Request))
#25 [internal function]: Illuminate\Session\Middleware\StartSession->handle(Object(Illuminate\Http\Request), Object(Closure))
#26 /home/vagrant/projects/cincytech/vendor/illuminate/pipeline/Pipeline.php(124): call_user_func_array(Array, Array)
#27 /home/vagrant/projects/cincytech/vendor/illuminate/cookie/Middleware/AddQueuedCookiesToResponse.php(37): Illuminate\Pipeline\Pipeline->Illuminate\Pipeline\{closure}(Object(Illuminate\Http\Request))
#28 [internal function]: Illuminate\Cookie\Middleware\AddQueuedCookiesToResponse->handle(Object(Illuminate\Http\Request), Object(Closure))
#29 /home/vagrant/projects/cincytech/vendor/illuminate/pipeline/Pipeline.php(124): call_user_func_array(Array, Array)
#30 /home/vagrant/projects/cincytech/vendor/illuminate/cookie/Middleware/EncryptCookies.php(59): Illuminate\Pipeline\Pipeline->Illuminate\Pipeline\{closure}(Object(Illuminate\Http\Request))
#31 [internal function]: Illuminate\Cookie\Middleware\EncryptCookies->handle(Object(Illuminate\Http\Request), Object(Closure))
#32 /home/vagrant/projects/cincytech/vendor/illuminate/pipeline/Pipeline.php(124): call_user_func_array(Array, Array)
#33 [internal function]: Illuminate\Pipeline\Pipeline->Illuminate\Pipeline\{closure}(Object(Illuminate\Http\Request))
#34 /home/vagrant/projects/cincytech/vendor/illuminate/pipeline/Pipeline.php(103): call_user_func(Object(Closure), Object(Illuminate\Http\Request))
#35 /home/vagrant/projects/cincytech/vendor/laravel/lumen-framework/src/Application.php(1411): Illuminate\Pipeline\Pipeline->then(Object(Closure))
#36 /home/vagrant/projects/cincytech/vendor/laravel/lumen-framework/src/Application.php(1185): Laravel\Lumen\Application->sendThroughPipeline(Array, Object(Closure))
#37 /home/vagrant/projects/cincytech/vendor/laravel/lumen-framework/src/Application.php(1125): Laravel\Lumen\Application->dispatch(NULL)
#38 /home/vagrant/projects/cincytech/public/index.php(28): Laravel\Lumen\Application->run()
#39 {main}  
[2015-09-21 03:33:54] lumen.ERROR: exception 'Symfony\Component\Debug\Exception\FatalErrorException' with message 'Call to undefined function elixir()' in /home/vagrant/projects/cincytech/storage/framework/views/ec6fd43977293bbaf0834ca6ed3aae2c:25
Stack trace:
#0 [internal function]: Laravel\Lumen\Application->Laravel\Lumen\{closure}()
#1 {main}  
